# JRE version: Java(TM) SE Runtime Environment (8.0_91-b14) (build 1.8.0_91-b14)
# Java VM: Java HotSpot(TM) 64-Bit Server VM (25.91-b14 mixed mode windows-amd64 compressed oops)
Heap:
 PSYoungGen      total 2793472K, used 96K [0x0000000715580000, 0x00000007bfe80000, 0x00000007c0000000)
  eden space 2792960K, 0% used [0x0000000715580000,0x0000000715580000,0x00000007bfd00000)
  from space 512K, 18% used [0x00000007bfd80000,0x00000007bfd98000,0x00000007bfe00000)
  to   space 512K, 0% used [0x00000007bfe00000,0x00000007bfe00000,0x00000007bfe80000)
 ParOldGen       total 2796544K, used 672422K [0x00000005c0000000, 0x000000066ab00000, 0x0000000715580000)
  object space 2796544K, 24% used [0x00000005c0000000,0x00000005e90a9998,0x000000066ab00000)
 Metaspace       used 101201K, capacity 101888K, committed 102656K, reserved 1136640K
  class space    used 14628K, capacity 14827K, committed 14848K, reserved 1048576K
GC Heap History (10 events):
Event: 2952.780 GC heap after
Heap after GC invocations=4912 (full 2431):
 PSYoungGen      total 2793472K, used 320K [0x0000000715580000, 0x00000007bfe80000, 0x00000007c0000000)
  eden space 2792960K, 0% used [0x0000000715580000,0x0000000715580000,0x00000007bfd00000)
  from space 512K, 62% used [0x00000007bfd80000,0x00000007bfdd0000,0x00000007bfe00000)
  to   space 512K, 0% used [0x00000007bfe00000,0x00000007bfe00000,0x00000007bfe80000)
 ParOldGen       total 2796544K, used 672303K [0x00000005c0000000, 0x000000066ab00000, 0x0000000715580000)
  object space 2796544K, 24% used [0x00000005c0000000,0x00000005e908bf98,0x000000066ab00000)
 Metaspace       used 101201K, capacity 101888K, committed 102656K, reserved 1136640K
  class space    used 14628K, capacity 14827K, committed 14848K, reserved 1048576K
}
Event: 2952.780 GC heap before
{Heap before GC invocations=4913 (full 2432):
 PSYoungGen      total 2793472K, used 320K [0x0000000715580000, 0x00000007bfe80000, 0x00000007c0000000)
  eden space 2792960K, 0% used [0x0000000715580000,0x0000000715580000,0x00000007bfd00000)
  from space 512K, 62% used [0x00000007bfd80000,0x00000007bfdd0000,0x00000007bfe00000)
  to   space 512K, 0% used [0x00000007bfe00000,0x00000007bfe00000,0x00000007bfe80000)
 ParOldGen       total 2796544K, used 672303K [0x00000005c0000000, 0x000000066ab00000, 0x0000000715580000)
  object space 2796544K, 24% used [0x00000005c0000000,0x00000005e908bf98,0x000000066ab00000)
 Metaspace       used 101201K, capacity 101888K, committed 102656K, reserved 1136640K
  class space    used 14628K, capacity 14827K, committed 14848K, reserved 1048576K
Event: 2953.376 GC heap after
Heap after GC invocations=4913 (full 2432):
 PSYoungGen      total 2793472K, used 0K [0x0000000715580000, 0x00000007bfe80000, 0x00000007c0000000)
  eden space 2792960K, 0% used [0x0000000715580000,0x0000000715580000,0x00000007bfd00000)
  from space 512K, 0% used [0x00000007bfd80000,0x00000007bfd80000,0x00000007bfe00000)
  to   space 512K, 0% used [0x00000007bfe00000,0x00000007bfe00000,0x00000007bfe80000)
 ParOldGen       total 2796544K, used 672422K [0x00000005c0000000, 0x000000066ab00000, 0x0000000715580000)
  object space 2796544K, 24% used [0x00000005c0000000,0x00000005e90a9800,0x000000066ab00000)
 Metaspace       used 101201K, capacity 101888K, committed 102656K, reserved 1136640K
  class space    used 14628K, capacity 14827K, committed 14848K, reserved 1048576K
}
Event: 2953.878 GC heap before
{Heap before GC invocations=4914 (full 2432):
 PSYoungGen      total 2793472K, used 94960K [0x0000000715580000, 0x00000007bfe80000, 0x00000007c0000000)
  eden space 2792960K, 3% used [0x0000000715580000,0x000000071b23c288,0x00000007bfd00000)
  from space 512K, 0% used [0x00000007bfd80000,0x00000007bfd80000,0x00000007bfe00000)
  to   space 512K, 0% used [0x00000007bfe00000,0x00000007bfe00000,0x00000007bfe80000)
 ParOldGen       total 2796544K, used 672422K [0x00000005c0000000, 0x000000066ab00000, 0x0000000715580000)
  object space 2796544K, 24% used [0x00000005c0000000,0x00000005e90a9800,0x000000066ab00000)
 Metaspace       used 101201K, capacity 101888K, committed 102656K, reserved 1136640K
  class space    used 14628K, capacity 14827K, committed 14848K, reserved 1048576K
Event: 2953.884 GC heap after
Heap after GC invocations=4914 (full 2432):
 PSYoungGen      total 2793472K, used 128K [0x0000000715580000, 0x00000007bfe80000, 0x00000007c0000000)
  eden space 2792960K, 0% used [0x0000000715580000,0x0000000715580000,0x00000007bfd00000)
  from space 512K, 25% used [0x00000007bfe00000,0x00000007bfe20000,0x00000007bfe80000)
  to   space 512K, 0% used [0x00000007bfd80000,0x00000007bfd80000,0x00000007bfe00000)
 ParOldGen       total 2796544K, used 672422K [0x00000005c0000000, 0x000000066ab00000, 0x0000000715580000)
  object space 2796544K, 24% used [0x00000005c0000000,0x00000005e90a9800,0x000000066ab00000)
 Metaspace       used 101201K, capacity 101888K, committed 102656K, reserved 1136640K
  class space    used 14628K, capacity 14827K, committed 14848K, reserved 1048576K
}
Event: 2953.884 GC heap before
{Heap before GC invocations=4915 (full 2433):
 PSYoungGen      total 2793472K, used 128K [0x0000000715580000, 0x00000007bfe80000, 0x00000007c0000000)
  eden space 2792960K, 0% used [0x0000000715580000,0x0000000715580000,0x00000007bfd00000)
  from space 512K, 25% used [0x00000007bfe00000,0x00000007bfe20000,0x00000007bfe80000)
  to   space 512K, 0% used [0x00000007bfd80000,0x00000007bfd80000,0x00000007bfe00000)
 ParOldGen       total 2796544K, used 672422K [0x00000005c0000000, 0x000000066ab00000, 0x0000000715580000)
  object space 2796544K, 24% used [0x00000005c0000000,0x00000005e90a9800,0x000000066ab00000)
 Metaspace       used 101201K, capacity 101888K, committed 102656K, reserved 1136640K
  class space    used 14628K, capacity 14827K, committed 14848K, reserved 1048576K
Event: 2954.260 GC heap after
Heap after GC invocations=4915 (full 2433):
 PSYoungGen      total 2793472K, used 0K [0x0000000715580000, 0x00000007bfe80000, 0x00000007c0000000)
  eden space 2792960K, 0% used [0x0000000715580000,0x0000000715580000,0x00000007bfd00000)
  from space 512K, 0% used [0x00000007bfe00000,0x00000007bfe00000,0x00000007bfe80000)
  to   space 512K, 0% used [0x00000007bfd80000,0x00000007bfd80000,0x00000007bfe00000)
 ParOldGen       total 2796544K, used 672422K [0x00000005c0000000, 0x000000066ab00000, 0x0000000715580000)
  object space 2796544K, 24% used [0x00000005c0000000,0x00000005e90a9998,0x000000066ab00000)
 Metaspace       used 101201K, capacity 101888K, committed 102656K, reserved 1136640K
  class space    used 14628K, capacity 14827K, committed 14848K, reserved 1048576K
}
Event: 2954.378 GC heap before
{Heap before GC invocations=4916 (full 2433):
 PSYoungGen      total 2793472K, used 94960K [0x0000000715580000, 0x00000007bfe80000, 0x00000007c0000000)
  eden space 2792960K, 3% used [0x0000000715580000,0x000000071b23c288,0x00000007bfd00000)
  from space 512K, 0% used [0x00000007bfe00000,0x00000007bfe00000,0x00000007bfe80000)
  to   space 512K, 0% used [0x00000007bfd80000,0x00000007bfd80000,0x00000007bfe00000)
 ParOldGen       total 2796544K, used 672422K [0x00000005c0000000, 0x000000066ab00000, 0x0000000715580000)
  object space 2796544K, 24% used [0x00000005c0000000,0x00000005e90a9998,0x000000066ab00000)
 Metaspace       used 101201K, capacity 101888K, committed 102656K, reserved 1136640K
  class space    used 14628K, capacity 14827K, committed 14848K, reserved 1048576K
Event: 2954.383 GC heap after
Heap after GC invocations=4916 (full 2433):
 PSYoungGen      total 2793472K, used 96K [0x0000000715580000, 0x00000007bfe80000, 0x00000007c0000000)
  eden space 2792960K, 0% used [0x0000000715580000,0x0000000715580000,0x00000007bfd00000)
  from space 512K, 18% used [0x00000007bfd80000,0x00000007bfd98000,0x00000007bfe00000)
  to   space 512K, 0% used [0x00000007bfe00000,0x00000007bfe00000,0x00000007bfe80000)
 ParOldGen       total 2796544K, used 672422K [0x00000005c0000000, 0x000000066ab00000, 0x0000000715580000)
  object space 2796544K, 24% used [0x00000005c0000000,0x00000005e90a9998,0x000000066ab00000)
 Metaspace       used 101201K, capacity 101888K, committed 102656K, reserved 1136640K
  class space    used 14628K, capacity 14827K, committed 14848K, reserved 1048576K
}
Event: 2954.383 GC heap before
{Heap before GC invocations=4917 (full 2434):
 PSYoungGen      total 2793472K, used 96K [0x0000000715580000, 0x00000007bfe80000, 0x00000007c0000000)
  eden space 2792960K, 0% used [0x0000000715580000,0x0000000715580000,0x00000007bfd00000)
  from space 512K, 18% used [0x00000007bfd80000,0x00000007bfd98000,0x00000007bfe00000)
  to   space 512K, 0% used [0x00000007bfe00000,0x00000007bfe00000,0x00000007bfe80000)
 ParOldGen       total 2796544K, used 672422K [0x00000005c0000000, 0x000000066ab00000, 0x0000000715580000)
  object space 2796544K, 24% used [0x00000005c0000000,0x00000005e90a9998,0x000000066ab00000)
 Metaspace       used 101201K, capacity 101888K, committed 102656K, reserved 1136640K
  class space    used 14628K, capacity 14827K, committed 14848K, reserved 1048576K

