# JRE version: Java(TM) SE Runtime Environment (8.0_25-b18) (build 1.8.0_25-b18)
# Java VM: Java HotSpot(TM) 64-Bit Server VM (25.25-b02 mixed mode windows-amd64 compressed oops)
Heap:
 par new generation   total 118016K, used 88126K [0x00000000c0000000, 0x00000000c8000000, 0x00000000c8000000)
  eden space 104960K,  81% used [0x00000000c0000000, 0x00000000c535d100, 0x00000000c6680000)
  from space 13056K,  21% used [0x00000000c7340000, 0x00000000c75f27f0, 0x00000000c8000000)
  to   space 13056K,   0% used [0x00000000c6680000, 0x00000000c6680000, 0x00000000c7340000)
 concurrent mark-sweep generation total 917504K, used 912420K [0x00000000c8000000, 0x0000000100000000, 0x0000000100000000)
 Metaspace       used 109206K, capacity 109759K, committed 110848K, reserved 1144832K
  class space    used 14891K, capacity 15023K, committed 15104K, reserved 1048576K
GC Heap History (10 events):
Event: 2127.331 GC heap before
{Heap before GC invocations=1239 (full 104):
 par new generation   total 118016K, used 115155K [0x00000000c0000000, 0x00000000c8000000, 0x00000000c8000000)
  eden space 104960K, 100% used [0x00000000c0000000, 0x00000000c6680000, 0x00000000c6680000)
  from space 13056K,  78% used [0x00000000c7340000, 0x00000000c7d34e68, 0x00000000c8000000)
  to   space 13056K,   0% used [0x00000000c6680000, 0x00000000c6680000, 0x00000000c7340000)
 concurrent mark-sweep generation total 917504K, used 909798K [0x00000000c8000000, 0x0000000100000000, 0x0000000100000000)
 Metaspace       used 109177K, capacity 109701K, committed 110848K, reserved 1144832K
  class space    used 14888K, capacity 15024K, committed 15104K, reserved 1048576K
Event: 2127.333 GC heap after
Heap after GC invocations=1240 (full 104):
 par new generation   total 118016K, used 7484K [0x00000000c0000000, 0x00000000c8000000, 0x00000000c8000000)
  eden space 104960K,   0% used [0x00000000c0000000, 0x00000000c0000000, 0x00000000c6680000)
  from space 13056K,  57% used [0x00000000c6680000, 0x00000000c6dcf280, 0x00000000c7340000)
  to   space 13056K,   0% used [0x00000000c7340000, 0x00000000c7340000, 0x00000000c8000000)
 concurrent mark-sweep generation total 917504K, used 909798K [0x00000000c8000000, 0x0000000100000000, 0x0000000100000000)
 Metaspace       used 109177K, capacity 109701K, committed 110848K, reserved 1144832K
  class space    used 14888K, capacity 15024K, committed 15104K, reserved 1048576K
}
Event: 2129.107 GC heap before
{Heap before GC invocations=1240 (full 104):
 par new generation   total 118016K, used 112087K [0x00000000c0000000, 0x00000000c8000000, 0x00000000c8000000)
  eden space 104960K,  99% used [0x00000000c0000000, 0x00000000c66269f0, 0x00000000c6680000)
  from space 13056K,  57% used [0x00000000c6680000, 0x00000000c6dcf280, 0x00000000c7340000)
  to   space 13056K,   0% used [0x00000000c7340000, 0x00000000c7340000, 0x00000000c8000000)
 concurrent mark-sweep generation total 917504K, used 909798K [0x00000000c8000000, 0x0000000100000000, 0x0000000100000000)
 Metaspace       used 109182K, capacity 109701K, committed 110848K, reserved 1144832K
  class space    used 14888K, capacity 15024K, committed 15104K, reserved 1048576K
Event: 2130.013 GC heap after
Heap after GC invocations=1241 (full 105):
 par new generation   total 118016K, used 0K [0x00000000c0000000, 0x00000000c8000000, 0x00000000c8000000)
  eden space 104960K,   0% used [0x00000000c0000000, 0x00000000c0000000, 0x00000000c6680000)
  from space 13056K,   0% used [0x00000000c6680000, 0x00000000c6680000, 0x00000000c7340000)
  to   space 13056K,   0% used [0x00000000c7340000, 0x00000000c7340000, 0x00000000c8000000)
 concurrent mark-sweep generation total 917504K, used 912500K [0x00000000c8000000, 0x0000000100000000, 0x0000000100000000)
 Metaspace       used 109182K, capacity 109701K, committed 110848K, reserved 1144832K
  class space    used 14888K, capacity 15024K, committed 15104K, reserved 1048576K
}
Event: 2166.179 GC heap before
{Heap before GC invocations=1241 (full 107):
 par new generation   total 118016K, used 104706K [0x00000000c0000000, 0x00000000c8000000, 0x00000000c8000000)
  eden space 104960K,  99% used [0x00000000c0000000, 0x00000000c6640a58, 0x00000000c6680000)
  from space 13056K,   0% used [0x00000000c6680000, 0x00000000c6680000, 0x00000000c7340000)
  to   space 13056K,   0% used [0x00000000c7340000, 0x00000000c7340000, 0x00000000c8000000)
 concurrent mark-sweep generation total 917504K, used 912423K [0x00000000c8000000, 0x0000000100000000, 0x0000000100000000)
 Metaspace       used 109190K, capacity 109765K, committed 110848K, reserved 1144832K
  class space    used 14888K, capacity 15024K, committed 15104K, reserved 1048576K
Event: 2166.182 GC heap after
Heap after GC invocations=1242 (full 107):
 par new generation   total 118016K, used 4470K [0x00000000c0000000, 0x00000000c8000000, 0x00000000c8000000)
  eden space 104960K,   0% used [0x00000000c0000000, 0x00000000c0000000, 0x00000000c6680000)
  from space 13056K,  34% used [0x00000000c7340000, 0x00000000c779db58, 0x00000000c8000000)
  to   space 13056K,   0% used [0x00000000c6680000, 0x00000000c6680000, 0x00000000c7340000)
 concurrent mark-sweep generation total 917504K, used 912423K [0x00000000c8000000, 0x0000000100000000, 0x0000000100000000)
 Metaspace       used 109190K, capacity 109765K, committed 110848K, reserved 1144832K
  class space    used 14888K, capacity 15024K, committed 15104K, reserved 1048576K
}
Event: 2210.596 GC heap before
{Heap before GC invocations=1242 (full 108):
 par new generation   total 118016K, used 109396K [0x00000000c0000000, 0x00000000c8000000, 0x00000000c8000000)
  eden space 104960K,  99% used [0x00000000c0000000, 0x00000000c6677558, 0x00000000c6680000)
  from space 13056K,  34% used [0x00000000c7340000, 0x00000000c779db58, 0x00000000c8000000)
  to   space 13056K,   0% used [0x00000000c6680000, 0x00000000c6680000, 0x00000000c7340000)
 concurrent mark-sweep generation total 917504K, used 912423K [0x00000000c8000000, 0x0000000100000000, 0x0000000100000000)
 Metaspace       used 109190K, capacity 109765K, committed 110848K, reserved 1144832K
  class space    used 14888K, capacity 15024K, committed 15104K, reserved 1048576K
Event: 2210.602 GC heap after
Heap after GC invocations=1243 (full 108):
 par new generation   total 118016K, used 3312K [0x00000000c0000000, 0x00000000c8000000, 0x00000000c8000000)
  eden space 104960K,   0% used [0x00000000c0000000, 0x00000000c0000000, 0x00000000c6680000)
  from space 13056K,  25% used [0x00000000c6680000, 0x00000000c69bc3b0, 0x00000000c7340000)
  to   space 13056K,   0% used [0x00000000c7340000, 0x00000000c7340000, 0x00000000c8000000)
 concurrent mark-sweep generation total 917504K, used 912423K [0x00000000c8000000, 0x0000000100000000, 0x0000000100000000)
 Metaspace       used 109190K, capacity 109765K, committed 110848K, reserved 1144832K
  class space    used 14888K, capacity 15024K, committed 15104K, reserved 1048576K
}
Event: 2259.781 GC heap before
{Heap before GC invocations=1243 (full 108):
 par new generation   total 118016K, used 108272K [0x00000000c0000000, 0x00000000c8000000, 0x00000000c8000000)
  eden space 104960K, 100% used [0x00000000c0000000, 0x00000000c6680000, 0x00000000c6680000)
  from space 13056K,  25% used [0x00000000c6680000, 0x00000000c69bc3b0, 0x00000000c7340000)
  to   space 13056K,   0% used [0x00000000c7340000, 0x00000000c7340000, 0x00000000c8000000)
 concurrent mark-sweep generation total 917504K, used 912420K [0x00000000c8000000, 0x0000000100000000, 0x0000000100000000)
 Metaspace       used 109187K, capacity 109759K, committed 110848K, reserved 1144832K
  class space    used 14888K, capacity 15023K, committed 15104K, reserved 1048576K
Event: 2259.787 GC heap after
Heap after GC invocations=1244 (full 108):
 par new generation   total 118016K, used 2761K [0x00000000c0000000, 0x00000000c8000000, 0x00000000c8000000)
  eden space 104960K,   0% used [0x00000000c0000000, 0x00000000c0000000, 0x00000000c6680000)
  from space 13056K,  21% used [0x00000000c7340000, 0x00000000c75f27f0, 0x00000000c8000000)
  to   space 13056K,   0% used [0x00000000c6680000, 0x00000000c6680000, 0x00000000c7340000)
 concurrent mark-sweep generation total 917504K, used 912420K [0x00000000c8000000, 0x0000000100000000, 0x0000000100000000)
 Metaspace       used 109187K, capacity 109759K, committed 110848K, reserved 1144832K
  class space    used 14888K, capacity 15023K, committed 15104K, reserved 1048576K
}

