# JRE version: Java(TM) SE Runtime Environment (8.0_25-b18) (build 1.8.0_25-b18)
# Java VM: Java HotSpot(TM) 64-Bit Server VM (25.25-b02 mixed mode windows-amd64 compressed oops)
Heap:
 par new generation   total 118016K, used 47249K [0x00000000c0000000, 0x00000000c8000000, 0x00000000c8000000)
  eden space 104960K,  43% used [0x00000000c0000000, 0x00000000c2ce3598, 0x00000000c6680000)
  from space 13056K,   9% used [0x00000000c7340000, 0x00000000c7480e90, 0x00000000c8000000)
  to   space 13056K,   0% used [0x00000000c6680000, 0x00000000c6680000, 0x00000000c7340000)
 concurrent mark-sweep generation total 917504K, used 781891K [0x00000000c8000000, 0x0000000100000000, 0x0000000100000000)
 Metaspace       used 117903K, capacity 118447K, committed 119596K, reserved 1153024K
  class space    used 16542K, capacity 16659K, committed 16712K, reserved 1048576K
GC Heap History (10 events):
Event: 1256.598 GC heap before
{Heap before GC invocations=4410 (full 60):
 par new generation   total 118016K, used 107532K [0x00000000c0000000, 0x00000000c8000000, 0x00000000c8000000)
  eden space 104960K, 100% used [0x00000000c0000000, 0x00000000c6680000, 0x00000000c6680000)
  from space 13056K,  19% used [0x00000000c6680000, 0x00000000c69033e0, 0x00000000c7340000)
  to   space 13056K,   0% used [0x00000000c7340000, 0x00000000c7340000, 0x00000000c8000000)
 concurrent mark-sweep generation total 917504K, used 781346K [0x00000000c8000000, 0x0000000100000000, 0x0000000100000000)
 Metaspace       used 117886K, capacity 118447K, committed 119596K, reserved 1153024K
  class space    used 16539K, capacity 16659K, committed 16712K, reserved 1048576K
Event: 1256.604 GC heap after
Heap after GC invocations=4411 (full 60):
 par new generation   total 118016K, used 1620K [0x00000000c0000000, 0x00000000c8000000, 0x00000000c8000000)
  eden space 104960K,   0% used [0x00000000c0000000, 0x00000000c0000000, 0x00000000c6680000)
  from space 13056K,  12% used [0x00000000c7340000, 0x00000000c74d5040, 0x00000000c8000000)
  to   space 13056K,   0% used [0x00000000c6680000, 0x00000000c6680000, 0x00000000c7340000)
 concurrent mark-sweep generation total 917504K, used 781346K [0x00000000c8000000, 0x0000000100000000, 0x0000000100000000)
 Metaspace       used 117886K, capacity 118447K, committed 119596K, reserved 1153024K
  class space    used 16539K, capacity 16659K, committed 16712K, reserved 1048576K
}
Event: 1300.016 GC heap before
{Heap before GC invocations=4411 (full 60):
 par new generation   total 118016K, used 106580K [0x00000000c0000000, 0x00000000c8000000, 0x00000000c8000000)
  eden space 104960K, 100% used [0x00000000c0000000, 0x00000000c6680000, 0x00000000c6680000)
  from space 13056K,  12% used [0x00000000c7340000, 0x00000000c74d5040, 0x00000000c8000000)
  to   space 13056K,   0% used [0x00000000c6680000, 0x00000000c6680000, 0x00000000c7340000)
 concurrent mark-sweep generation total 917504K, used 781346K [0x00000000c8000000, 0x0000000100000000, 0x0000000100000000)
 Metaspace       used 117886K, capacity 118447K, committed 119596K, reserved 1153024K
  class space    used 16539K, capacity 16659K, committed 16712K, reserved 1048576K
Event: 1300.023 GC heap after
Heap after GC invocations=4412 (full 60):
 par new generation   total 118016K, used 2076K [0x00000000c0000000, 0x00000000c8000000, 0x00000000c8000000)
  eden space 104960K,   0% used [0x00000000c0000000, 0x00000000c0000000, 0x00000000c6680000)
  from space 13056K,  15% used [0x00000000c6680000, 0x00000000c6887168, 0x00000000c7340000)
  to   space 13056K,   0% used [0x00000000c7340000, 0x00000000c7340000, 0x00000000c8000000)
 concurrent mark-sweep generation total 917504K, used 781370K [0x00000000c8000000, 0x0000000100000000, 0x0000000100000000)
 Metaspace       used 117886K, capacity 118447K, committed 119596K, reserved 1153024K
  class space    used 16539K, capacity 16659K, committed 16712K, reserved 1048576K
}
Event: 1340.395 GC heap before
{Heap before GC invocations=4412 (full 60):
 par new generation   total 118016K, used 106977K [0x00000000c0000000, 0x00000000c8000000, 0x00000000c8000000)
  eden space 104960K,  99% used [0x00000000c0000000, 0x00000000c6671330, 0x00000000c6680000)
  from space 13056K,  15% used [0x00000000c6680000, 0x00000000c6887168, 0x00000000c7340000)
  to   space 13056K,   0% used [0x00000000c7340000, 0x00000000c7340000, 0x00000000c8000000)
 concurrent mark-sweep generation total 917504K, used 781370K [0x00000000c8000000, 0x0000000100000000, 0x0000000100000000)
 Metaspace       used 117886K, capacity 118447K, committed 119596K, reserved 1153024K
  class space    used 16539K, capacity 16659K, committed 16712K, reserved 1048576K
Event: 1340.405 GC heap after
Heap after GC invocations=4413 (full 60):
 par new generation   total 118016K, used 1815K [0x00000000c0000000, 0x00000000c8000000, 0x00000000c8000000)
  eden space 104960K,   0% used [0x00000000c0000000, 0x00000000c0000000, 0x00000000c6680000)
  from space 13056K,  13% used [0x00000000c7340000, 0x00000000c7505d98, 0x00000000c8000000)
  to   space 13056K,   0% used [0x00000000c6680000, 0x00000000c6680000, 0x00000000c7340000)
 concurrent mark-sweep generation total 917504K, used 781891K [0x00000000c8000000, 0x0000000100000000, 0x0000000100000000)
 Metaspace       used 117886K, capacity 118447K, committed 119596K, reserved 1153024K
  class space    used 16539K, capacity 16659K, committed 16712K, reserved 1048576K
}
Event: 1388.781 GC heap before
{Heap before GC invocations=4413 (full 60):
 par new generation   total 118016K, used 106688K [0x00000000c0000000, 0x00000000c8000000, 0x00000000c8000000)
  eden space 104960K,  99% used [0x00000000c0000000, 0x00000000c666a538, 0x00000000c6680000)
  from space 13056K,  13% used [0x00000000c7340000, 0x00000000c7505d98, 0x00000000c8000000)
  to   space 13056K,   0% used [0x00000000c6680000, 0x00000000c6680000, 0x00000000c7340000)
 concurrent mark-sweep generation total 917504K, used 781891K [0x00000000c8000000, 0x0000000100000000, 0x0000000100000000)
 Metaspace       used 117886K, capacity 118447K, committed 119596K, reserved 1153024K
  class space    used 16539K, capacity 16659K, committed 16712K, reserved 1048576K
Event: 1388.789 GC heap after
Heap after GC invocations=4414 (full 60):
 par new generation   total 118016K, used 1961K [0x00000000c0000000, 0x00000000c8000000, 0x00000000c8000000)
  eden space 104960K,   0% used [0x00000000c0000000, 0x00000000c0000000, 0x00000000c6680000)
  from space 13056K,  15% used [0x00000000c6680000, 0x00000000c686a4e0, 0x00000000c7340000)
  to   space 13056K,   0% used [0x00000000c7340000, 0x00000000c7340000, 0x00000000c8000000)
 concurrent mark-sweep generation total 917504K, used 781891K [0x00000000c8000000, 0x0000000100000000, 0x0000000100000000)
 Metaspace       used 117886K, capacity 118447K, committed 119596K, reserved 1153024K
  class space    used 16539K, capacity 16659K, committed 16712K, reserved 1048576K
}
Event: 1463.273 GC heap before
{Heap before GC invocations=4414 (full 60):
 par new generation   total 118016K, used 106921K [0x00000000c0000000, 0x00000000c8000000, 0x00000000c8000000)
  eden space 104960K, 100% used [0x00000000c0000000, 0x00000000c6680000, 0x00000000c6680000)
  from space 13056K,  15% used [0x00000000c6680000, 0x00000000c686a4e0, 0x00000000c7340000)
  to   space 13056K,   0% used [0x00000000c7340000, 0x00000000c7340000, 0x00000000c8000000)
 concurrent mark-sweep generation total 917504K, used 781891K [0x00000000c8000000, 0x0000000100000000, 0x0000000100000000)
 Metaspace       used 117886K, capacity 118447K, committed 119596K, reserved 1153024K
  class space    used 16539K, capacity 16659K, committed 16712K, reserved 1048576K
Event: 1463.276 GC heap after
Heap after GC invocations=4415 (full 60):
 par new generation   total 118016K, used 1283K [0x00000000c0000000, 0x00000000c8000000, 0x00000000c8000000)
  eden space 104960K,   0% used [0x00000000c0000000, 0x00000000c0000000, 0x00000000c6680000)
  from space 13056K,   9% used [0x00000000c7340000, 0x00000000c7480e90, 0x00000000c8000000)
  to   space 13056K,   0% used [0x00000000c6680000, 0x00000000c6680000, 0x00000000c7340000)
 concurrent mark-sweep generation total 917504K, used 781891K [0x00000000c8000000, 0x0000000100000000, 0x0000000100000000)
 Metaspace       used 117886K, capacity 118447K, committed 119596K, reserved 1153024K
  class space    used 16539K, capacity 16659K, committed 16712K, reserved 1048576K
}

