# JRE version: Java(TM) SE Runtime Environment (8.0_25-b18) (build 1.8.0_25-b18)
# Java VM: Java HotSpot(TM) 64-Bit Server VM (25.25-b02 mixed mode windows-amd64 compressed oops)
Heap:
 par new generation   total 118016K, used 76033K [0x00000000c0000000, 0x00000000c8000000, 0x00000000c8000000)
  eden space 104960K,  69% used [0x00000000c0000000, 0x00000000c476f398, 0x00000000c6680000)
  from space 13056K,  22% used [0x00000000c7340000, 0x00000000c76113f0, 0x00000000c8000000)
  to   space 13056K,   0% used [0x00000000c6680000, 0x00000000c6680000, 0x00000000c7340000)
 concurrent mark-sweep generation total 580856K, used 348511K [0x00000000c8000000, 0x00000000eb73e000, 0x0000000100000000)
 Metaspace       used 70686K, capacity 71246K, committed 72076K, reserved 1112064K
  class space    used 8934K, capacity 9064K, committed 9132K, reserved 1048576K
GC Heap History (10 events):
Event: 202.863 GC heap before
{Heap before GC invocations=159 (full 21):
 par new generation   total 118016K, used 111429K [0x00000000c0000000, 0x00000000c8000000, 0x00000000c8000000)
  eden space 104960K, 100% used [0x00000000c0000000, 0x00000000c6680000, 0x00000000c6680000)
  from space 13056K,  49% used [0x00000000c7340000, 0x00000000c79915f0, 0x00000000c8000000)
  to   space 13056K,   0% used [0x00000000c6680000, 0x00000000c6680000, 0x00000000c7340000)
 concurrent mark-sweep generation total 528960K, used 408223K [0x00000000c8000000, 0x00000000e8490000, 0x0000000100000000)
 Metaspace       used 70643K, capacity 71182K, committed 71820K, reserved 1112064K
  class space    used 8931K, capacity 9064K, committed 9132K, reserved 1048576K
Event: 202.866 GC heap after
Heap after GC invocations=160 (full 21):
 par new generation   total 118016K, used 8169K [0x00000000c0000000, 0x00000000c8000000, 0x00000000c8000000)
  eden space 104960K,   0% used [0x00000000c0000000, 0x00000000c0000000, 0x00000000c6680000)
  from space 13056K,  62% used [0x00000000c6680000, 0x00000000c6e7a570, 0x00000000c7340000)
  to   space 13056K,   0% used [0x00000000c7340000, 0x00000000c7340000, 0x00000000c8000000)
 concurrent mark-sweep generation total 528960K, used 408223K [0x00000000c8000000, 0x00000000e8490000, 0x0000000100000000)
 Metaspace       used 70643K, capacity 71182K, committed 71820K, reserved 1112064K
  class space    used 8931K, capacity 9064K, committed 9132K, reserved 1048576K
}
Event: 205.101 GC heap before
{Heap before GC invocations=160 (full 21):
 par new generation   total 118016K, used 113129K [0x00000000c0000000, 0x00000000c8000000, 0x00000000c8000000)
  eden space 104960K, 100% used [0x00000000c0000000, 0x00000000c6680000, 0x00000000c6680000)
  from space 13056K,  62% used [0x00000000c6680000, 0x00000000c6e7a570, 0x00000000c7340000)
  to   space 13056K,   0% used [0x00000000c7340000, 0x00000000c7340000, 0x00000000c8000000)
 concurrent mark-sweep generation total 528960K, used 408223K [0x00000000c8000000, 0x00000000e8490000, 0x0000000100000000)
 Metaspace       used 70643K, capacity 71182K, committed 71820K, reserved 1112064K
  class space    used 8931K, capacity 9064K, committed 9132K, reserved 1048576K
Event: 205.104 GC heap after
Heap after GC invocations=161 (full 21):
 par new generation   total 118016K, used 10622K [0x00000000c0000000, 0x00000000c8000000, 0x00000000c8000000)
  eden space 104960K,   0% used [0x00000000c0000000, 0x00000000c0000000, 0x00000000c6680000)
  from space 13056K,  81% used [0x00000000c7340000, 0x00000000c7d9fbc0, 0x00000000c8000000)
  to   space 13056K,   0% used [0x00000000c6680000, 0x00000000c6680000, 0x00000000c7340000)
 concurrent mark-sweep generation total 528960K, used 408223K [0x00000000c8000000, 0x00000000e8490000, 0x0000000100000000)
 Metaspace       used 70643K, capacity 71182K, committed 71820K, reserved 1112064K
  class space    used 8931K, capacity 9064K, committed 9132K, reserved 1048576K
}
Event: 205.567 GC heap before
{Heap before GC invocations=161 (full 21):
 par new generation   total 118016K, used 45385K [0x00000000c0000000, 0x00000000c8000000, 0x00000000c8000000)
  eden space 104960K,  33% used [0x00000000c0000000, 0x00000000c21f28c0, 0x00000000c6680000)
  from space 13056K,  81% used [0x00000000c7340000, 0x00000000c7d9fbc0, 0x00000000c8000000)
  to   space 13056K,   0% used [0x00000000c6680000, 0x00000000c6680000, 0x00000000c7340000)
 concurrent mark-sweep generation total 528960K, used 408223K [0x00000000c8000000, 0x00000000e8490000, 0x0000000100000000)
 Metaspace       used 70653K, capacity 71246K, committed 72076K, reserved 1112064K
  class space    used 8932K, capacity 9064K, committed 9132K, reserved 1048576K
Event: 205.981 GC heap after
Heap after GC invocations=162 (full 22):
 par new generation   total 118016K, used 0K [0x00000000c0000000, 0x00000000c8000000, 0x00000000c8000000)
  eden space 104960K,   0% used [0x00000000c0000000, 0x00000000c0000000, 0x00000000c6680000)
  from space 13056K,   0% used [0x00000000c7340000, 0x00000000c7340000, 0x00000000c8000000)
  to   space 13056K,   0% used [0x00000000c6680000, 0x00000000c6680000, 0x00000000c7340000)
 concurrent mark-sweep generation total 580856K, used 348511K [0x00000000c8000000, 0x00000000eb73e000, 0x0000000100000000)
 Metaspace       used 70653K, capacity 71246K, committed 72076K, reserved 1112064K
  class space    used 8932K, capacity 9064K, committed 9132K, reserved 1048576K
}
Event: 242.336 GC heap before
{Heap before GC invocations=162 (full 23):
 par new generation   total 118016K, used 104944K [0x00000000c0000000, 0x00000000c8000000, 0x00000000c8000000)
  eden space 104960K,  99% used [0x00000000c0000000, 0x00000000c667c298, 0x00000000c6680000)
  from space 13056K,   0% used [0x00000000c7340000, 0x00000000c7340000, 0x00000000c8000000)
  to   space 13056K,   0% used [0x00000000c6680000, 0x00000000c6680000, 0x00000000c7340000)
 concurrent mark-sweep generation total 580856K, used 348511K [0x00000000c8000000, 0x00000000eb73e000, 0x0000000100000000)
 Metaspace       used 70663K, capacity 71246K, committed 72076K, reserved 1112064K
  class space    used 8932K, capacity 9064K, committed 9132K, reserved 1048576K
Event: 242.339 GC heap after
Heap after GC invocations=163 (full 23):
 par new generation   total 118016K, used 5432K [0x00000000c0000000, 0x00000000c8000000, 0x00000000c8000000)
  eden space 104960K,   0% used [0x00000000c0000000, 0x00000000c0000000, 0x00000000c6680000)
  from space 13056K,  41% used [0x00000000c6680000, 0x00000000c6bce208, 0x00000000c7340000)
  to   space 13056K,   0% used [0x00000000c7340000, 0x00000000c7340000, 0x00000000c8000000)
 concurrent mark-sweep generation total 580856K, used 348511K [0x00000000c8000000, 0x00000000eb73e000, 0x0000000100000000)
 Metaspace       used 70663K, capacity 71246K, committed 72076K, reserved 1112064K
  class space    used 8932K, capacity 9064K, committed 9132K, reserved 1048576K
}
Event: 282.413 GC heap before
{Heap before GC invocations=163 (full 23):
 par new generation   total 118016K, used 110392K [0x00000000c0000000, 0x00000000c8000000, 0x00000000c8000000)
  eden space 104960K, 100% used [0x00000000c0000000, 0x00000000c6680000, 0x00000000c6680000)
  from space 13056K,  41% used [0x00000000c6680000, 0x00000000c6bce208, 0x00000000c7340000)
  to   space 13056K,   0% used [0x00000000c7340000, 0x00000000c7340000, 0x00000000c8000000)
 concurrent mark-sweep generation total 580856K, used 348511K [0x00000000c8000000, 0x00000000eb73e000, 0x0000000100000000)
 Metaspace       used 70667K, capacity 71246K, committed 72076K, reserved 1112064K
  class space    used 8932K, capacity 9064K, committed 9132K, reserved 1048576K
Event: 282.417 GC heap after
Heap after GC invocations=164 (full 23):
 par new generation   total 118016K, used 2884K [0x00000000c0000000, 0x00000000c8000000, 0x00000000c8000000)
  eden space 104960K,   0% used [0x00000000c0000000, 0x00000000c0000000, 0x00000000c6680000)
  from space 13056K,  22% used [0x00000000c7340000, 0x00000000c76113f0, 0x00000000c8000000)
  to   space 13056K,   0% used [0x00000000c6680000, 0x00000000c6680000, 0x00000000c7340000)
 concurrent mark-sweep generation total 580856K, used 348511K [0x00000000c8000000, 0x00000000eb73e000, 0x0000000100000000)
 Metaspace       used 70667K, capacity 71246K, committed 72076K, reserved 1112064K
  class space    used 8932K, capacity 9064K, committed 9132K, reserved 1048576K
}

