# JRE version: Java(TM) SE Runtime Environment (8.0_25-b18) (build 1.8.0_25-b18)
# Java VM: Java HotSpot(TM) 64-Bit Server VM (25.25-b02 mixed mode windows-amd64 compressed oops)
Heap:
 par new generation   total 118016K, used 11448K [0x00000000c0000000, 0x00000000c8000000, 0x00000000c8000000)
  eden space 104960K,   9% used [0x00000000c0000000, 0x00000000c09836a8, 0x00000000c6680000)
  from space 13056K,  13% used [0x00000000c6680000, 0x00000000c682aad8, 0x00000000c7340000)
  to   space 13056K,   0% used [0x00000000c7340000, 0x00000000c7340000, 0x00000000c8000000)
 concurrent mark-sweep generation total 917504K, used 866798K [0x00000000c8000000, 0x0000000100000000, 0x0000000100000000)
 Metaspace       used 118677K, capacity 119151K, committed 120320K, reserved 1153024K
  class space    used 16950K, capacity 17047K, committed 17152K, reserved 1048576K
GC Heap History (10 events):
Event: 860.528 GC heap before
{Heap before GC invocations=571 (full 71):
 par new generation   total 118016K, used 111314K [0x00000000c0000000, 0x00000000c8000000, 0x00000000c8000000)
  eden space 104960K, 100% used [0x00000000c0000000, 0x00000000c6680000, 0x00000000c6680000)
  from space 13056K,  48% used [0x00000000c7340000, 0x00000000c7974880, 0x00000000c8000000)
  to   space 13056K,   0% used [0x00000000c6680000, 0x00000000c6680000, 0x00000000c7340000)
 concurrent mark-sweep generation total 917504K, used 864152K [0x00000000c8000000, 0x0000000100000000, 0x0000000100000000)
 Metaspace       used 118647K, capacity 119151K, committed 120320K, reserved 1153024K
  class space    used 16947K, capacity 17047K, committed 17152K, reserved 1048576K
Event: 860.532 GC heap after
Heap after GC invocations=572 (full 71):
 par new generation   total 118016K, used 7351K [0x00000000c0000000, 0x00000000c8000000, 0x00000000c8000000)
  eden space 104960K,   0% used [0x00000000c0000000, 0x00000000c0000000, 0x00000000c6680000)
  from space 13056K,  56% used [0x00000000c6680000, 0x00000000c6dadcd8, 0x00000000c7340000)
  to   space 13056K,   0% used [0x00000000c7340000, 0x00000000c7340000, 0x00000000c8000000)
 concurrent mark-sweep generation total 917504K, used 864152K [0x00000000c8000000, 0x0000000100000000, 0x0000000100000000)
 Metaspace       used 118647K, capacity 119151K, committed 120320K, reserved 1153024K
  class space    used 16947K, capacity 17047K, committed 17152K, reserved 1048576K
}
Event: 866.802 GC heap before
{Heap before GC invocations=572 (full 71):
 par new generation   total 118016K, used 112311K [0x00000000c0000000, 0x00000000c8000000, 0x00000000c8000000)
  eden space 104960K, 100% used [0x00000000c0000000, 0x00000000c6680000, 0x00000000c6680000)
  from space 13056K,  56% used [0x00000000c6680000, 0x00000000c6dadcd8, 0x00000000c7340000)
  to   space 13056K,   0% used [0x00000000c7340000, 0x00000000c7340000, 0x00000000c8000000)
 concurrent mark-sweep generation total 917504K, used 864152K [0x00000000c8000000, 0x0000000100000000, 0x0000000100000000)
 Metaspace       used 118648K, capacity 119151K, committed 120320K, reserved 1153024K
  class space    used 16947K, capacity 17047K, committed 17152K, reserved 1048576K
Event: 866.805 GC heap after
Heap after GC invocations=573 (full 71):
 par new generation   total 118016K, used 876K [0x00000000c0000000, 0x00000000c8000000, 0x00000000c8000000)
  eden space 104960K,   0% used [0x00000000c0000000, 0x00000000c0000000, 0x00000000c6680000)
  from space 13056K,   6% used [0x00000000c7340000, 0x00000000c741b100, 0x00000000c8000000)
  to   space 13056K,   0% used [0x00000000c6680000, 0x00000000c6680000, 0x00000000c7340000)
 concurrent mark-sweep generation total 917504K, used 868717K [0x00000000c8000000, 0x0000000100000000, 0x0000000100000000)
 Metaspace       used 118648K, capacity 119151K, committed 120320K, reserved 1153024K
  class space    used 16947K, capacity 17047K, committed 17152K, reserved 1048576K
}
Event: 867.054 GC heap before
{Heap before GC invocations=573 (full 71):
 par new generation   total 118016K, used 12507K [0x00000000c0000000, 0x00000000c8000000, 0x00000000c8000000)
  eden space 104960K,  11% used [0x00000000c0000000, 0x00000000c0b5bb38, 0x00000000c6680000)
  from space 13056K,   6% used [0x00000000c7340000, 0x00000000c741b100, 0x00000000c8000000)
  to   space 13056K,   0% used [0x00000000c6680000, 0x00000000c6680000, 0x00000000c7340000)
 concurrent mark-sweep generation total 917504K, used 868717K [0x00000000c8000000, 0x0000000100000000, 0x0000000100000000)
 Metaspace       used 118654K, capacity 119151K, committed 120320K, reserved 1153024K
  class space    used 16947K, capacity 17047K, committed 17152K, reserved 1048576K
Event: 868.308 GC heap after
Heap after GC invocations=574 (full 72):
 par new generation   total 118016K, used 0K [0x00000000c0000000, 0x00000000c8000000, 0x00000000c8000000)
  eden space 104960K,   0% used [0x00000000c0000000, 0x00000000c0000000, 0x00000000c6680000)
  from space 13056K,   0% used [0x00000000c7340000, 0x00000000c7340000, 0x00000000c8000000)
  to   space 13056K,   0% used [0x00000000c6680000, 0x00000000c6680000, 0x00000000c7340000)
 concurrent mark-sweep generation total 917504K, used 866832K [0x00000000c8000000, 0x0000000100000000, 0x0000000100000000)
 Metaspace       used 118654K, capacity 119151K, committed 120320K, reserved 1153024K
  class space    used 16947K, capacity 17047K, committed 17152K, reserved 1048576K
}
Event: 882.160 GC heap before
{Heap before GC invocations=574 (full 72):
 par new generation   total 118016K, used 1177K [0x00000000c0000000, 0x00000000c8000000, 0x00000000c8000000)
  eden space 104960K,   1% used [0x00000000c0000000, 0x00000000c0126668, 0x00000000c6680000)
  from space 13056K,   0% used [0x00000000c7340000, 0x00000000c7340000, 0x00000000c8000000)
  to   space 13056K,   0% used [0x00000000c6680000, 0x00000000c6680000, 0x00000000c7340000)
 concurrent mark-sweep generation total 917504K, used 866832K [0x00000000c8000000, 0x0000000100000000, 0x0000000100000000)
 Metaspace       used 118655K, capacity 119151K, committed 120320K, reserved 1153024K
  class space    used 16947K, capacity 17047K, committed 17152K, reserved 1048576K
Event: 883.102 GC heap after
Heap after GC invocations=575 (full 73):
 par new generation   total 118016K, used 0K [0x00000000c0000000, 0x00000000c8000000, 0x00000000c8000000)
  eden space 104960K,   0% used [0x00000000c0000000, 0x00000000c0000000, 0x00000000c6680000)
  from space 13056K,   0% used [0x00000000c7340000, 0x00000000c7340000, 0x00000000c8000000)
  to   space 13056K,   0% used [0x00000000c6680000, 0x00000000c6680000, 0x00000000c7340000)
 concurrent mark-sweep generation total 917504K, used 866798K [0x00000000c8000000, 0x0000000100000000, 0x0000000100000000)
 Metaspace       used 118655K, capacity 119151K, committed 120320K, reserved 1153024K
  class space    used 16947K, capacity 17047K, committed 17152K, reserved 1048576K
}
Event: 1276.322 GC heap before
{Heap before GC invocations=575 (full 74):
 par new generation   total 118016K, used 104945K [0x00000000c0000000, 0x00000000c8000000, 0x00000000c8000000)
  eden space 104960K,  99% used [0x00000000c0000000, 0x00000000c667c480, 0x00000000c6680000)
  from space 13056K,   0% used [0x00000000c7340000, 0x00000000c7340000, 0x00000000c8000000)
  to   space 13056K,   0% used [0x00000000c6680000, 0x00000000c6680000, 0x00000000c7340000)
 concurrent mark-sweep generation total 917504K, used 866798K [0x00000000c8000000, 0x0000000100000000, 0x0000000100000000)
 Metaspace       used 118657K, capacity 119151K, committed 120320K, reserved 1153024K
  class space    used 16947K, capacity 17047K, committed 17152K, reserved 1048576K
Event: 1276.326 GC heap after
Heap after GC invocations=576 (full 74):
 par new generation   total 118016K, used 1706K [0x00000000c0000000, 0x00000000c8000000, 0x00000000c8000000)
  eden space 104960K,   0% used [0x00000000c0000000, 0x00000000c0000000, 0x00000000c6680000)
  from space 13056K,  13% used [0x00000000c6680000, 0x00000000c682aad8, 0x00000000c7340000)
  to   space 13056K,   0% used [0x00000000c7340000, 0x00000000c7340000, 0x00000000c8000000)
 concurrent mark-sweep generation total 917504K, used 866798K [0x00000000c8000000, 0x0000000100000000, 0x0000000100000000)
 Metaspace       used 118657K, capacity 119151K, committed 120320K, reserved 1153024K
  class space    used 16947K, capacity 17047K, committed 17152K, reserved 1048576K
}

