# JRE version: Java(TM) SE Runtime Environment (8.0_25-b18) (build 1.8.0_25-b18)
# Java VM: Java HotSpot(TM) 64-Bit Server VM (25.25-b02 mixed mode windows-amd64 compressed oops)
Heap:
 par new generation   total 118016K, used 88314K [0x00000000c0000000, 0x00000000c8000000, 0x00000000c8000000)
  eden space 104960K,  82% used [0x00000000c0000000, 0x00000000c54ae998, 0x00000000c6680000)
  from space 13056K,  12% used [0x00000000c6680000, 0x00000000c680ff28, 0x00000000c7340000)
  to   space 13056K,   0% used [0x00000000c7340000, 0x00000000c7340000, 0x00000000c8000000)
 concurrent mark-sweep generation total 917504K, used 789295K [0x00000000c8000000, 0x0000000100000000, 0x0000000100000000)
 Metaspace       used 85025K, capacity 85441K, committed 86400K, reserved 1124352K
  class space    used 11400K, capacity 11524K, committed 11648K, reserved 1048576K
GC Heap History (10 events):
Event: 703.642 GC heap before
{Heap before GC invocations=288 (full 35):
 par new generation   total 118016K, used 106989K [0x00000000c0000000, 0x00000000c8000000, 0x00000000c8000000)
  eden space 104960K, 100% used [0x00000000c0000000, 0x00000000c6680000, 0x00000000c6680000)
  from space 13056K,  15% used [0x00000000c7340000, 0x00000000c753b478, 0x00000000c8000000)
  to   space 13056K,   0% used [0x00000000c6680000, 0x00000000c6680000, 0x00000000c7340000)
 concurrent mark-sweep generation total 917504K, used 788762K [0x00000000c8000000, 0x0000000100000000, 0x0000000100000000)
 Metaspace       used 84998K, capacity 85441K, committed 86400K, reserved 1124352K
  class space    used 11397K, capacity 11524K, committed 11648K, reserved 1048576K
Event: 703.649 GC heap after
Heap after GC invocations=289 (full 35):
 par new generation   total 118016K, used 2404K [0x00000000c0000000, 0x00000000c8000000, 0x00000000c8000000)
  eden space 104960K,   0% used [0x00000000c0000000, 0x00000000c0000000, 0x00000000c6680000)
  from space 13056K,  18% used [0x00000000c6680000, 0x00000000c68d91a0, 0x00000000c7340000)
  to   space 13056K,   0% used [0x00000000c7340000, 0x00000000c7340000, 0x00000000c8000000)
 concurrent mark-sweep generation total 917504K, used 788762K [0x00000000c8000000, 0x0000000100000000, 0x0000000100000000)
 Metaspace       used 84998K, capacity 85441K, committed 86400K, reserved 1124352K
  class space    used 11397K, capacity 11524K, committed 11648K, reserved 1048576K
}
Event: 751.274 GC heap before
{Heap before GC invocations=289 (full 35):
 par new generation   total 118016K, used 107364K [0x00000000c0000000, 0x00000000c8000000, 0x00000000c8000000)
  eden space 104960K, 100% used [0x00000000c0000000, 0x00000000c6680000, 0x00000000c6680000)
  from space 13056K,  18% used [0x00000000c6680000, 0x00000000c68d91a0, 0x00000000c7340000)
  to   space 13056K,   0% used [0x00000000c7340000, 0x00000000c7340000, 0x00000000c8000000)
 concurrent mark-sweep generation total 917504K, used 788762K [0x00000000c8000000, 0x0000000100000000, 0x0000000100000000)
 Metaspace       used 85004K, capacity 85441K, committed 86400K, reserved 1124352K
  class space    used 11397K, capacity 11524K, committed 11648K, reserved 1048576K
Event: 751.276 GC heap after
Heap after GC invocations=290 (full 35):
 par new generation   total 118016K, used 1971K [0x00000000c0000000, 0x00000000c8000000, 0x00000000c8000000)
  eden space 104960K,   0% used [0x00000000c0000000, 0x00000000c0000000, 0x00000000c6680000)
  from space 13056K,  15% used [0x00000000c7340000, 0x00000000c752cc08, 0x00000000c8000000)
  to   space 13056K,   0% used [0x00000000c6680000, 0x00000000c6680000, 0x00000000c7340000)
 concurrent mark-sweep generation total 917504K, used 789295K [0x00000000c8000000, 0x0000000100000000, 0x0000000100000000)
 Metaspace       used 85004K, capacity 85441K, committed 86400K, reserved 1124352K
  class space    used 11397K, capacity 11524K, committed 11648K, reserved 1048576K
}
Event: 803.313 GC heap before
{Heap before GC invocations=290 (full 35):
 par new generation   total 118016K, used 106931K [0x00000000c0000000, 0x00000000c8000000, 0x00000000c8000000)
  eden space 104960K, 100% used [0x00000000c0000000, 0x00000000c6680000, 0x00000000c6680000)
  from space 13056K,  15% used [0x00000000c7340000, 0x00000000c752cc08, 0x00000000c8000000)
  to   space 13056K,   0% used [0x00000000c6680000, 0x00000000c6680000, 0x00000000c7340000)
 concurrent mark-sweep generation total 917504K, used 789295K [0x00000000c8000000, 0x0000000100000000, 0x0000000100000000)
 Metaspace       used 85004K, capacity 85441K, committed 86400K, reserved 1124352K
  class space    used 11397K, capacity 11524K, committed 11648K, reserved 1048576K
Event: 803.315 GC heap after
Heap after GC invocations=291 (full 35):
 par new generation   total 118016K, used 1936K [0x00000000c0000000, 0x00000000c8000000, 0x00000000c8000000)
  eden space 104960K,   0% used [0x00000000c0000000, 0x00000000c0000000, 0x00000000c6680000)
  from space 13056K,  14% used [0x00000000c6680000, 0x00000000c68641f8, 0x00000000c7340000)
  to   space 13056K,   0% used [0x00000000c7340000, 0x00000000c7340000, 0x00000000c8000000)
 concurrent mark-sweep generation total 917504K, used 789295K [0x00000000c8000000, 0x0000000100000000, 0x0000000100000000)
 Metaspace       used 85004K, capacity 85441K, committed 86400K, reserved 1124352K
  class space    used 11397K, capacity 11524K, committed 11648K, reserved 1048576K
}
Event: 851.519 GC heap before
{Heap before GC invocations=291 (full 35):
 par new generation   total 118016K, used 106896K [0x00000000c0000000, 0x00000000c8000000, 0x00000000c8000000)
  eden space 104960K, 100% used [0x00000000c0000000, 0x00000000c6680000, 0x00000000c6680000)
  from space 13056K,  14% used [0x00000000c6680000, 0x00000000c68641f8, 0x00000000c7340000)
  to   space 13056K,   0% used [0x00000000c7340000, 0x00000000c7340000, 0x00000000c8000000)
 concurrent mark-sweep generation total 917504K, used 789295K [0x00000000c8000000, 0x0000000100000000, 0x0000000100000000)
 Metaspace       used 85007K, capacity 85441K, committed 86400K, reserved 1124352K
  class space    used 11397K, capacity 11524K, committed 11648K, reserved 1048576K
Event: 851.521 GC heap after
Heap after GC invocations=292 (full 35):
 par new generation   total 118016K, used 1549K [0x00000000c0000000, 0x00000000c8000000, 0x00000000c8000000)
  eden space 104960K,   0% used [0x00000000c0000000, 0x00000000c0000000, 0x00000000c6680000)
  from space 13056K,  11% used [0x00000000c7340000, 0x00000000c74c3600, 0x00000000c8000000)
  to   space 13056K,   0% used [0x00000000c6680000, 0x00000000c6680000, 0x00000000c7340000)
 concurrent mark-sweep generation total 917504K, used 789295K [0x00000000c8000000, 0x0000000100000000, 0x0000000100000000)
 Metaspace       used 85007K, capacity 85441K, committed 86400K, reserved 1124352K
  class space    used 11397K, capacity 11524K, committed 11648K, reserved 1048576K
}
Event: 890.575 GC heap before
{Heap before GC invocations=292 (full 35):
 par new generation   total 118016K, used 106509K [0x00000000c0000000, 0x00000000c8000000, 0x00000000c8000000)
  eden space 104960K, 100% used [0x00000000c0000000, 0x00000000c6680000, 0x00000000c6680000)
  from space 13056K,  11% used [0x00000000c7340000, 0x00000000c74c3600, 0x00000000c8000000)
  to   space 13056K,   0% used [0x00000000c6680000, 0x00000000c6680000, 0x00000000c7340000)
 concurrent mark-sweep generation total 917504K, used 789295K [0x00000000c8000000, 0x0000000100000000, 0x0000000100000000)
 Metaspace       used 85007K, capacity 85441K, committed 86400K, reserved 1124352K
  class space    used 11397K, capacity 11524K, committed 11648K, reserved 1048576K
Event: 890.577 GC heap after
Heap after GC invocations=293 (full 35):
 par new generation   total 118016K, used 1599K [0x00000000c0000000, 0x00000000c8000000, 0x00000000c8000000)
  eden space 104960K,   0% used [0x00000000c0000000, 0x00000000c0000000, 0x00000000c6680000)
  from space 13056K,  12% used [0x00000000c6680000, 0x00000000c680ff28, 0x00000000c7340000)
  to   space 13056K,   0% used [0x00000000c7340000, 0x00000000c7340000, 0x00000000c8000000)
 concurrent mark-sweep generation total 917504K, used 789295K [0x00000000c8000000, 0x0000000100000000, 0x0000000100000000)
 Metaspace       used 85007K, capacity 85441K, committed 86400K, reserved 1124352K
  class space    used 11397K, capacity 11524K, committed 11648K, reserved 1048576K
}

