# JRE version: Java(TM) SE Runtime Environment (8.0_25-b18) (build 1.8.0_25-b18)
# Java VM: Java HotSpot(TM) 64-Bit Server VM (25.25-b02 mixed mode windows-amd64 compressed oops)
Heap:
 par new generation   total 118016K, used 19722K [0x00000000c0000000, 0x00000000c8000000, 0x00000000c8000000)
  eden space 104960K,  18% used [0x00000000c0000000, 0x00000000c1342b00, 0x00000000c6680000)
  from space 13056K,   0% used [0x00000000c7340000, 0x00000000c7340000, 0x00000000c8000000)
  to   space 13056K,   0% used [0x00000000c6680000, 0x00000000c6680000, 0x00000000c7340000)
 concurrent mark-sweep generation total 917504K, used 793484K [0x00000000c8000000, 0x0000000100000000, 0x0000000100000000)
 Metaspace       used 118592K, capacity 119105K, committed 120832K, reserved 1153024K
  class space    used 17054K, capacity 17194K, committed 17408K, reserved 1048576K
GC Heap History (10 events):
Event: 336.578 GC heap before
{Heap before GC invocations=403 (full 42):
 par new generation   total 118016K, used 118016K [0x00000000c0000000, 0x00000000c8000000, 0x00000000c8000000)
  eden space 104960K, 100% used [0x00000000c0000000, 0x00000000c6680000, 0x00000000c6680000)
  from space 13056K, 100% used [0x00000000c7340000, 0x00000000c8000000, 0x00000000c8000000)
  to   space 13056K,   0% used [0x00000000c6680000, 0x00000000c6680000, 0x00000000c7340000)
 concurrent mark-sweep generation total 917504K, used 847154K [0x00000000c8000000, 0x0000000100000000, 0x0000000100000000)
 Metaspace       used 118931K, capacity 119629K, committed 120576K, reserved 1153024K
  class space    used 17104K, capacity 17292K, committed 17408K, reserved 1048576K
Event: 336.581 GC heap after
Heap after GC invocations=404 (full 42):
 par new generation   total 118016K, used 3879K [0x00000000c0000000, 0x00000000c8000000, 0x00000000c8000000)
  eden space 104960K,   0% used [0x00000000c0000000, 0x00000000c0000000, 0x00000000c6680000)
  from space 13056K,  29% used [0x00000000c6680000, 0x00000000c6a49d50, 0x00000000c7340000)
  to   space 13056K,   0% used [0x00000000c7340000, 0x00000000c7340000, 0x00000000c8000000)
 concurrent mark-sweep generation total 917504K, used 856454K [0x00000000c8000000, 0x0000000100000000, 0x0000000100000000)
 Metaspace       used 118931K, capacity 119629K, committed 120576K, reserved 1153024K
  class space    used 17104K, capacity 17292K, committed 17408K, reserved 1048576K
}
Event: 337.974 GC heap before
{Heap before GC invocations=404 (full 42):
 par new generation   total 118016K, used 108839K [0x00000000c0000000, 0x00000000c8000000, 0x00000000c8000000)
  eden space 104960K, 100% used [0x00000000c0000000, 0x00000000c6680000, 0x00000000c6680000)
  from space 13056K,  29% used [0x00000000c6680000, 0x00000000c6a49d50, 0x00000000c7340000)
  to   space 13056K,   0% used [0x00000000c7340000, 0x00000000c7340000, 0x00000000c8000000)
 concurrent mark-sweep generation total 917504K, used 856454K [0x00000000c8000000, 0x0000000100000000, 0x0000000100000000)
 Metaspace       used 118934K, capacity 119629K, committed 120576K, reserved 1153024K
  class space    used 17104K, capacity 17292K, committed 17408K, reserved 1048576K
Event: 337.977 GC heap after
Heap after GC invocations=405 (full 42):
 par new generation   total 118016K, used 4893K [0x00000000c0000000, 0x00000000c8000000, 0x00000000c8000000)
  eden space 104960K,   0% used [0x00000000c0000000, 0x00000000c0000000, 0x00000000c6680000)
  from space 13056K,  37% used [0x00000000c7340000, 0x00000000c78076a8, 0x00000000c8000000)
  to   space 13056K,   0% used [0x00000000c6680000, 0x00000000c6680000, 0x00000000c7340000)
 concurrent mark-sweep generation total 917504K, used 856454K [0x00000000c8000000, 0x0000000100000000, 0x0000000100000000)
 Metaspace       used 118934K, capacity 119629K, committed 120576K, reserved 1153024K
  class space    used 17104K, capacity 17292K, committed 17408K, reserved 1048576K
}
Event: 340.275 GC heap before
{Heap before GC invocations=405 (full 42):
 par new generation   total 118016K, used 109853K [0x00000000c0000000, 0x00000000c8000000, 0x00000000c8000000)
  eden space 104960K, 100% used [0x00000000c0000000, 0x00000000c6680000, 0x00000000c6680000)
  from space 13056K,  37% used [0x00000000c7340000, 0x00000000c78076a8, 0x00000000c8000000)
  to   space 13056K,   0% used [0x00000000c6680000, 0x00000000c6680000, 0x00000000c7340000)
 concurrent mark-sweep generation total 917504K, used 856454K [0x00000000c8000000, 0x0000000100000000, 0x0000000100000000)
 Metaspace       used 118935K, capacity 119629K, committed 120576K, reserved 1153024K
  class space    used 17104K, capacity 17292K, committed 17408K, reserved 1048576K
Event: 340.278 GC heap after
Heap after GC invocations=406 (full 42):
 par new generation   total 118016K, used 4772K [0x00000000c0000000, 0x00000000c8000000, 0x00000000c8000000)
  eden space 104960K,   0% used [0x00000000c0000000, 0x00000000c0000000, 0x00000000c6680000)
  from space 13056K,  36% used [0x00000000c6680000, 0x00000000c6b292d8, 0x00000000c7340000)
  to   space 13056K,   0% used [0x00000000c7340000, 0x00000000c7340000, 0x00000000c8000000)
 concurrent mark-sweep generation total 917504K, used 856454K [0x00000000c8000000, 0x0000000100000000, 0x0000000100000000)
 Metaspace       used 118935K, capacity 119629K, committed 120576K, reserved 1153024K
  class space    used 17104K, capacity 17292K, committed 17408K, reserved 1048576K
}
Event: 341.837 GC heap before
{Heap before GC invocations=406 (full 42):
 par new generation   total 118016K, used 109732K [0x00000000c0000000, 0x00000000c8000000, 0x00000000c8000000)
  eden space 104960K, 100% used [0x00000000c0000000, 0x00000000c6680000, 0x00000000c6680000)
  from space 13056K,  36% used [0x00000000c6680000, 0x00000000c6b292d8, 0x00000000c7340000)
  to   space 13056K,   0% used [0x00000000c7340000, 0x00000000c7340000, 0x00000000c8000000)
 concurrent mark-sweep generation total 917504K, used 856454K [0x00000000c8000000, 0x0000000100000000, 0x0000000100000000)
 Metaspace       used 118935K, capacity 119629K, committed 120576K, reserved 1153024K
  class space    used 17104K, capacity 17292K, committed 17408K, reserved 1048576K
Event: 341.840 GC heap after
Heap after GC invocations=407 (full 42):
 par new generation   total 118016K, used 5793K [0x00000000c0000000, 0x00000000c8000000, 0x00000000c8000000)
  eden space 104960K,   0% used [0x00000000c0000000, 0x00000000c0000000, 0x00000000c6680000)
  from space 13056K,  44% used [0x00000000c7340000, 0x00000000c78e85c8, 0x00000000c8000000)
  to   space 13056K,   0% used [0x00000000c6680000, 0x00000000c6680000, 0x00000000c7340000)
 concurrent mark-sweep generation total 917504K, used 856454K [0x00000000c8000000, 0x0000000100000000, 0x0000000100000000)
 Metaspace       used 118935K, capacity 119629K, committed 120576K, reserved 1153024K
  class space    used 17104K, capacity 17292K, committed 17408K, reserved 1048576K
}
Event: 343.432 GC heap before
{Heap before GC invocations=407 (full 42):
 par new generation   total 118016K, used 96196K [0x00000000c0000000, 0x00000000c8000000, 0x00000000c8000000)
  eden space 104960K,  86% used [0x00000000c0000000, 0x00000000c5848c00, 0x00000000c6680000)
  from space 13056K,  44% used [0x00000000c7340000, 0x00000000c78e85c8, 0x00000000c8000000)
  to   space 13056K,   0% used [0x00000000c6680000, 0x00000000c6680000, 0x00000000c7340000)
 concurrent mark-sweep generation total 917504K, used 856454K [0x00000000c8000000, 0x0000000100000000, 0x0000000100000000)
 Metaspace       used 118942K, capacity 119693K, committed 120832K, reserved 1153024K
  class space    used 17105K, capacity 17292K, committed 17408K, reserved 1048576K
Event: 344.477 GC heap after
Heap after GC invocations=408 (full 43):
 par new generation   total 118016K, used 0K [0x00000000c0000000, 0x00000000c8000000, 0x00000000c8000000)
  eden space 104960K,   0% used [0x00000000c0000000, 0x00000000c0000000, 0x00000000c6680000)
  from space 13056K,   0% used [0x00000000c7340000, 0x00000000c7340000, 0x00000000c8000000)
  to   space 13056K,   0% used [0x00000000c6680000, 0x00000000c6680000, 0x00000000c7340000)
 concurrent mark-sweep generation total 917504K, used 793484K [0x00000000c8000000, 0x0000000100000000, 0x0000000100000000)
 Metaspace       used 118573K, capacity 119105K, committed 120832K, reserved 1153024K
  class space    used 17051K, capacity 17194K, committed 17408K, reserved 1048576K
}

