# JRE version: Java(TM) SE Runtime Environment (8.0_25-b18) (build 1.8.0_25-b18)
# Java VM: Java HotSpot(TM) 64-Bit Server VM (25.25-b02 mixed mode windows-amd64 compressed oops)
Heap:
 par new generation   total 118016K, used 18820K [0x00000000c0000000, 0x00000000c8000000, 0x00000000c8000000)
  eden space 104960K,  17% used [0x00000000c0000000, 0x00000000c1261038, 0x00000000c6680000)
  from space 13056K,   0% used [0x00000000c7340000, 0x00000000c7340000, 0x00000000c8000000)
  to   space 13056K,   0% used [0x00000000c6680000, 0x00000000c6680000, 0x00000000c7340000)
 concurrent mark-sweep generation total 917504K, used 778548K [0x00000000c8000000, 0x0000000100000000, 0x0000000100000000)
 Metaspace       used 83398K, capacity 83869K, committed 84992K, reserved 1122304K
  class space    used 11027K, capacity 11134K, committed 11264K, reserved 1048576K
GC Heap History (10 events):
Event: 323.958 GC heap before
{Heap before GC invocations=249 (full 30):
 par new generation   total 118016K, used 108716K [0x00000000c0000000, 0x00000000c8000000, 0x00000000c8000000)
  eden space 104960K, 100% used [0x00000000c0000000, 0x00000000c6680000, 0x00000000c6680000)
  from space 13056K,  28% used [0x00000000c7340000, 0x00000000c76eb0d0, 0x00000000c8000000)
  to   space 13056K,   0% used [0x00000000c6680000, 0x00000000c6680000, 0x00000000c7340000)
 concurrent mark-sweep generation total 917504K, used 795228K [0x00000000c8000000, 0x0000000100000000, 0x0000000100000000)
 Metaspace       used 83510K, capacity 84051K, committed 84736K, reserved 1122304K
  class space    used 11046K, capacity 11175K, committed 11264K, reserved 1048576K
Event: 323.960 GC heap after
Heap after GC invocations=250 (full 30):
 par new generation   total 118016K, used 5910K [0x00000000c0000000, 0x00000000c8000000, 0x00000000c8000000)
  eden space 104960K,   0% used [0x00000000c0000000, 0x00000000c0000000, 0x00000000c6680000)
  from space 13056K,  45% used [0x00000000c6680000, 0x00000000c6c45a70, 0x00000000c7340000)
  to   space 13056K,   0% used [0x00000000c7340000, 0x00000000c7340000, 0x00000000c8000000)
 concurrent mark-sweep generation total 917504K, used 795228K [0x00000000c8000000, 0x0000000100000000, 0x0000000100000000)
 Metaspace       used 83510K, capacity 84051K, committed 84736K, reserved 1122304K
  class space    used 11046K, capacity 11175K, committed 11264K, reserved 1048576K
}
Event: 326.091 GC heap before
{Heap before GC invocations=250 (full 30):
 par new generation   total 118016K, used 110870K [0x00000000c0000000, 0x00000000c8000000, 0x00000000c8000000)
  eden space 104960K, 100% used [0x00000000c0000000, 0x00000000c6680000, 0x00000000c6680000)
  from space 13056K,  45% used [0x00000000c6680000, 0x00000000c6c45a70, 0x00000000c7340000)
  to   space 13056K,   0% used [0x00000000c7340000, 0x00000000c7340000, 0x00000000c8000000)
 concurrent mark-sweep generation total 917504K, used 795228K [0x00000000c8000000, 0x0000000100000000, 0x0000000100000000)
 Metaspace       used 83512K, capacity 84051K, committed 84736K, reserved 1122304K
  class space    used 11046K, capacity 11175K, committed 11264K, reserved 1048576K
Event: 326.094 GC heap after
Heap after GC invocations=251 (full 30):
 par new generation   total 118016K, used 6386K [0x00000000c0000000, 0x00000000c8000000, 0x00000000c8000000)
  eden space 104960K,   0% used [0x00000000c0000000, 0x00000000c0000000, 0x00000000c6680000)
  from space 13056K,  48% used [0x00000000c7340000, 0x00000000c797ca20, 0x00000000c8000000)
  to   space 13056K,   0% used [0x00000000c6680000, 0x00000000c6680000, 0x00000000c7340000)
 concurrent mark-sweep generation total 917504K, used 795228K [0x00000000c8000000, 0x0000000100000000, 0x0000000100000000)
 Metaspace       used 83512K, capacity 84051K, committed 84736K, reserved 1122304K
  class space    used 11046K, capacity 11175K, committed 11264K, reserved 1048576K
}
Event: 330.244 GC heap before
{Heap before GC invocations=251 (full 30):
 par new generation   total 118016K, used 111346K [0x00000000c0000000, 0x00000000c8000000, 0x00000000c8000000)
  eden space 104960K, 100% used [0x00000000c0000000, 0x00000000c6680000, 0x00000000c6680000)
  from space 13056K,  48% used [0x00000000c7340000, 0x00000000c797ca20, 0x00000000c8000000)
  to   space 13056K,   0% used [0x00000000c6680000, 0x00000000c6680000, 0x00000000c7340000)
 concurrent mark-sweep generation total 917504K, used 795228K [0x00000000c8000000, 0x0000000100000000, 0x0000000100000000)
 Metaspace       used 83522K, capacity 84115K, committed 84992K, reserved 1122304K
  class space    used 11046K, capacity 11175K, committed 11264K, reserved 1048576K
Event: 330.246 GC heap after
Heap after GC invocations=252 (full 30):
 par new generation   total 118016K, used 6047K [0x00000000c0000000, 0x00000000c8000000, 0x00000000c8000000)
  eden space 104960K,   0% used [0x00000000c0000000, 0x00000000c0000000, 0x00000000c6680000)
  from space 13056K,  46% used [0x00000000c6680000, 0x00000000c6c67c80, 0x00000000c7340000)
  to   space 13056K,   0% used [0x00000000c7340000, 0x00000000c7340000, 0x00000000c8000000)
 concurrent mark-sweep generation total 917504K, used 795228K [0x00000000c8000000, 0x0000000100000000, 0x0000000100000000)
 Metaspace       used 83522K, capacity 84115K, committed 84992K, reserved 1122304K
  class space    used 11046K, capacity 11175K, committed 11264K, reserved 1048576K
}
Event: 332.381 GC heap before
{Heap before GC invocations=252 (full 30):
 par new generation   total 118016K, used 108574K [0x00000000c0000000, 0x00000000c8000000, 0x00000000c8000000)
  eden space 104960K,  97% used [0x00000000c0000000, 0x00000000c641fe28, 0x00000000c6680000)
  from space 13056K,  46% used [0x00000000c6680000, 0x00000000c6c67c80, 0x00000000c7340000)
  to   space 13056K,   0% used [0x00000000c7340000, 0x00000000c7340000, 0x00000000c8000000)
 concurrent mark-sweep generation total 917504K, used 795228K [0x00000000c8000000, 0x0000000100000000, 0x0000000100000000)
 Metaspace       used 83525K, capacity 84115K, committed 84992K, reserved 1122304K
  class space    used 11046K, capacity 11175K, committed 11264K, reserved 1048576K
Event: 332.383 GC heap after
Heap after GC invocations=253 (full 30):
 par new generation   total 118016K, used 3963K [0x00000000c0000000, 0x00000000c8000000, 0x00000000c8000000)
  eden space 104960K,   0% used [0x00000000c0000000, 0x00000000c0000000, 0x00000000c6680000)
  from space 13056K,  30% used [0x00000000c7340000, 0x00000000c771eff8, 0x00000000c8000000)
  to   space 13056K,   0% used [0x00000000c6680000, 0x00000000c6680000, 0x00000000c7340000)
 concurrent mark-sweep generation total 917504K, used 795228K [0x00000000c8000000, 0x0000000100000000, 0x0000000100000000)
 Metaspace       used 83525K, capacity 84115K, committed 84992K, reserved 1122304K
  class space    used 11046K, capacity 11175K, committed 11264K, reserved 1048576K
}
Event: 334.075 GC heap before
{Heap before GC invocations=253 (full 30):
 par new generation   total 118016K, used 38738K [0x00000000c0000000, 0x00000000c8000000, 0x00000000c8000000)
  eden space 104960K,  33% used [0x00000000c0000000, 0x00000000c21f5ae8, 0x00000000c6680000)
  from space 13056K,  30% used [0x00000000c7340000, 0x00000000c771eff8, 0x00000000c8000000)
  to   space 13056K,   0% used [0x00000000c6680000, 0x00000000c6680000, 0x00000000c7340000)
 concurrent mark-sweep generation total 917504K, used 795228K [0x00000000c8000000, 0x0000000100000000, 0x0000000100000000)
 Metaspace       used 83534K, capacity 84115K, committed 84992K, reserved 1122304K
  class space    used 11047K, capacity 11175K, committed 11264K, reserved 1048576K
Event: 334.979 GC heap after
Heap after GC invocations=254 (full 31):
 par new generation   total 118016K, used 0K [0x00000000c0000000, 0x00000000c8000000, 0x00000000c8000000)
  eden space 104960K,   0% used [0x00000000c0000000, 0x00000000c0000000, 0x00000000c6680000)
  from space 13056K,   0% used [0x00000000c7340000, 0x00000000c7340000, 0x00000000c8000000)
  to   space 13056K,   0% used [0x00000000c6680000, 0x00000000c6680000, 0x00000000c7340000)
 concurrent mark-sweep generation total 917504K, used 778548K [0x00000000c8000000, 0x0000000100000000, 0x0000000100000000)
 Metaspace       used 83380K, capacity 83869K, committed 84992K, reserved 1122304K
  class space    used 11024K, capacity 11134K, committed 11264K, reserved 1048576K
}

