# JRE version: Java(TM) SE Runtime Environment (8.0_25-b18) (build 1.8.0_25-b18)
# Java VM: Java HotSpot(TM) 64-Bit Server VM (25.25-b02 mixed mode windows-amd64 compressed oops)
Heap:
 par new generation   total 118016K, used 35645K [0x00000000c0000000, 0x00000000c8000000, 0x00000000c8000000)
  eden space 104960K,  33% used [0x00000000c0000000, 0x00000000c22cf430, 0x00000000c6680000)
  from space 13056K,   0% used [0x00000000c7340000, 0x00000000c7340000, 0x00000000c8000000)
  to   space 13056K,   0% used [0x00000000c6680000, 0x00000000c6680000, 0x00000000c7340000)
 concurrent mark-sweep generation total 917504K, used 917503K [0x00000000c8000000, 0x0000000100000000, 0x0000000100000000)
 Metaspace       used 95115K, capacity 95736K, committed 96768K, reserved 1134592K
  class space    used 12359K, capacity 12490K, committed 12544K, reserved 1048576K
GC Heap History (10 events):
Event: 515.094 GC heap before
{Heap before GC invocations=380 (full 216):
 par new generation   total 118016K, used 118016K [0x00000000c0000000, 0x00000000c8000000, 0x00000000c8000000)
  eden space 104960K, 100% used [0x00000000c0000000, 0x00000000c6680000, 0x00000000c6680000)
  from space 13056K, 100% used [0x00000000c7340000, 0x00000000c8000000, 0x00000000c8000000)
  to   space 13056K,   0% used [0x00000000c6680000, 0x00000000c6680000, 0x00000000c7340000)
 concurrent mark-sweep generation total 917504K, used 917503K [0x00000000c8000000, 0x0000000100000000, 0x0000000100000000)
 Metaspace       used 95073K, capacity 95736K, committed 96768K, reserved 1134592K
  class space    used 12355K, capacity 12490K, committed 12544K, reserved 1048576K
Event: 515.883 GC heap after
Heap after GC invocations=381 (full 217):
 par new generation   total 118016K, used 14576K [0x00000000c0000000, 0x00000000c8000000, 0x00000000c8000000)
  eden space 104960K,  13% used [0x00000000c0000000, 0x00000000c0e3c3d8, 0x00000000c6680000)
  from space 13056K,   0% used [0x00000000c7340000, 0x00000000c7340000, 0x00000000c8000000)
  to   space 13056K,   0% used [0x00000000c6680000, 0x00000000c6680000, 0x00000000c7340000)
 concurrent mark-sweep generation total 917504K, used 917502K [0x00000000c8000000, 0x0000000100000000, 0x0000000100000000)
 Metaspace       used 95073K, capacity 95736K, committed 96768K, reserved 1134592K
  class space    used 12355K, capacity 12490K, committed 12544K, reserved 1048576K
}
Event: 517.332 GC heap before
{Heap before GC invocations=381 (full 217):
 par new generation   total 118016K, used 118016K [0x00000000c0000000, 0x00000000c8000000, 0x00000000c8000000)
  eden space 104960K, 100% used [0x00000000c0000000, 0x00000000c6680000, 0x00000000c6680000)
  from space 13056K, 100% used [0x00000000c7340000, 0x00000000c8000000, 0x00000000c8000000)
  to   space 13056K,   0% used [0x00000000c6680000, 0x00000000c6680000, 0x00000000c7340000)
 concurrent mark-sweep generation total 917504K, used 917503K [0x00000000c8000000, 0x0000000100000000, 0x0000000100000000)
 Metaspace       used 95077K, capacity 95736K, committed 96768K, reserved 1134592K
  class space    used 12355K, capacity 12490K, committed 12544K, reserved 1048576K
Event: 518.107 GC heap after
Heap after GC invocations=382 (full 218):
 par new generation   total 118016K, used 13891K [0x00000000c0000000, 0x00000000c8000000, 0x00000000c8000000)
  eden space 104960K,  13% used [0x00000000c0000000, 0x00000000c0d90f70, 0x00000000c6680000)
  from space 13056K,   0% used [0x00000000c7340000, 0x00000000c7340000, 0x00000000c8000000)
  to   space 13056K,   0% used [0x00000000c6680000, 0x00000000c6680000, 0x00000000c7340000)
 concurrent mark-sweep generation total 917504K, used 917503K [0x00000000c8000000, 0x0000000100000000, 0x0000000100000000)
 Metaspace       used 95077K, capacity 95736K, committed 96768K, reserved 1134592K
  class space    used 12355K, capacity 12490K, committed 12544K, reserved 1048576K
}
Event: 519.294 GC heap before
{Heap before GC invocations=382 (full 219):
 par new generation   total 118016K, used 118015K [0x00000000c0000000, 0x00000000c8000000, 0x00000000c8000000)
  eden space 104960K, 100% used [0x00000000c0000000, 0x00000000c6680000, 0x00000000c6680000)
  from space 13056K,  99% used [0x00000000c7340000, 0x00000000c7ffffa0, 0x00000000c8000000)
  to   space 13056K,   0% used [0x00000000c6680000, 0x00000000c6680000, 0x00000000c7340000)
 concurrent mark-sweep generation total 917504K, used 917503K [0x00000000c8000000, 0x0000000100000000, 0x0000000100000000)
 Metaspace       used 95082K, capacity 95736K, committed 96768K, reserved 1134592K
  class space    used 12355K, capacity 12490K, committed 12544K, reserved 1048576K
Event: 520.082 GC heap after
Heap after GC invocations=383 (full 220):
 par new generation   total 118016K, used 13802K [0x00000000c0000000, 0x00000000c8000000, 0x00000000c8000000)
  eden space 104960K,  13% used [0x00000000c0000000, 0x00000000c0d7a858, 0x00000000c6680000)
  from space 13056K,   0% used [0x00000000c7340000, 0x00000000c7340000, 0x00000000c8000000)
  to   space 13056K,   0% used [0x00000000c6680000, 0x00000000c6680000, 0x00000000c7340000)
 concurrent mark-sweep generation total 917504K, used 917503K [0x00000000c8000000, 0x0000000100000000, 0x0000000100000000)
 Metaspace       used 95082K, capacity 95736K, committed 96768K, reserved 1134592K
  class space    used 12355K, capacity 12490K, committed 12544K, reserved 1048576K
}
Event: 521.227 GC heap before
{Heap before GC invocations=383 (full 220):
 par new generation   total 118016K, used 118015K [0x00000000c0000000, 0x00000000c8000000, 0x00000000c8000000)
  eden space 104960K, 100% used [0x00000000c0000000, 0x00000000c6680000, 0x00000000c6680000)
  from space 13056K,  99% used [0x00000000c7340000, 0x00000000c7fffff8, 0x00000000c8000000)
  to   space 13056K,   0% used [0x00000000c6680000, 0x00000000c6680000, 0x00000000c7340000)
 concurrent mark-sweep generation total 917504K, used 917503K [0x00000000c8000000, 0x0000000100000000, 0x0000000100000000)
 Metaspace       used 95082K, capacity 95736K, committed 96768K, reserved 1134592K
  class space    used 12355K, capacity 12490K, committed 12544K, reserved 1048576K
Event: 522.010 GC heap after
Heap after GC invocations=384 (full 221):
 par new generation   total 118016K, used 14062K [0x00000000c0000000, 0x00000000c8000000, 0x00000000c8000000)
  eden space 104960K,  13% used [0x00000000c0000000, 0x00000000c0dbbb78, 0x00000000c6680000)
  from space 13056K,   0% used [0x00000000c7340000, 0x00000000c7340000, 0x00000000c8000000)
  to   space 13056K,   0% used [0x00000000c6680000, 0x00000000c6680000, 0x00000000c7340000)
 concurrent mark-sweep generation total 917504K, used 917502K [0x00000000c8000000, 0x0000000100000000, 0x0000000100000000)
 Metaspace       used 95082K, capacity 95736K, committed 96768K, reserved 1134592K
  class space    used 12355K, capacity 12490K, committed 12544K, reserved 1048576K
}
Event: 522.120 GC heap before
{Heap before GC invocations=384 (full 222):
 par new generation   total 118016K, used 52131K [0x00000000c0000000, 0x00000000c8000000, 0x00000000c8000000)
  eden space 104960K,  49% used [0x00000000c0000000, 0x00000000c32e8f48, 0x00000000c6680000)
  from space 13056K,   0% used [0x00000000c7340000, 0x00000000c7340000, 0x00000000c8000000)
  to   space 13056K,   0% used [0x00000000c6680000, 0x00000000c6680000, 0x00000000c7340000)
 concurrent mark-sweep generation total 917504K, used 917502K [0x00000000c8000000, 0x0000000100000000, 0x0000000100000000)
 Metaspace       used 95086K, capacity 95736K, committed 96768K, reserved 1134592K
  class space    used 12355K, capacity 12490K, committed 12544K, reserved 1048576K
Event: 523.175 GC heap after
Heap after GC invocations=385 (full 223):
 par new generation   total 118016K, used 14247K [0x00000000c0000000, 0x00000000c8000000, 0x00000000c8000000)
  eden space 104960K,  13% used [0x00000000c0000000, 0x00000000c0de9f88, 0x00000000c6680000)
  from space 13056K,   0% used [0x00000000c7340000, 0x00000000c7340000, 0x00000000c8000000)
  to   space 13056K,   0% used [0x00000000c6680000, 0x00000000c6680000, 0x00000000c7340000)
 concurrent mark-sweep generation total 917504K, used 917503K [0x00000000c8000000, 0x0000000100000000, 0x0000000100000000)
 Metaspace       used 95086K, capacity 95736K, committed 96768K, reserved 1134592K
  class space    used 12355K, capacity 12490K, committed 12544K, reserved 1048576K
}

