# JRE version: Java(TM) SE Runtime Environment (8.0_25-b18) (build 1.8.0_25-b18)
# Java VM: Java HotSpot(TM) 64-Bit Server VM (25.25-b02 mixed mode windows-amd64 compressed oops)
Heap:
 par new generation   total 118016K, used 82407K [0x00000000c0000000, 0x00000000c8000000, 0x00000000c8000000)
  eden space 104960K,  76% used [0x00000000c0000000, 0x00000000c4e10660, 0x00000000c6680000)
  from space 13056K,  18% used [0x00000000c7340000, 0x00000000c75a9978, 0x00000000c8000000)
  to   space 13056K,   0% used [0x00000000c6680000, 0x00000000c6680000, 0x00000000c7340000)
 concurrent mark-sweep generation total 917504K, used 815498K [0x00000000c8000000, 0x0000000100000000, 0x0000000100000000)
 Metaspace       used 85833K, capacity 86285K, committed 87424K, reserved 1124352K
  class space    used 11413K, capacity 11526K, committed 11648K, reserved 1048576K
GC Heap History (10 events):
Event: 644.063 GC heap before
{Heap before GC invocations=346 (full 42):
 par new generation   total 118016K, used 110993K [0x00000000c0000000, 0x00000000c8000000, 0x00000000c8000000)
  eden space 104960K,  99% used [0x00000000c0000000, 0x00000000c65b74a0, 0x00000000c6680000)
  from space 13056K,  52% used [0x00000000c7340000, 0x00000000c79ed1e8, 0x00000000c8000000)
  to   space 13056K,   0% used [0x00000000c6680000, 0x00000000c6680000, 0x00000000c7340000)
 concurrent mark-sweep generation total 917504K, used 851561K [0x00000000c8000000, 0x0000000100000000, 0x0000000100000000)
 Metaspace       used 85789K, capacity 86251K, committed 87168K, reserved 1124352K
  class space    used 11412K, capacity 11531K, committed 11648K, reserved 1048576K
Event: 644.066 GC heap after
Heap after GC invocations=347 (full 42):
 par new generation   total 118016K, used 4784K [0x00000000c0000000, 0x00000000c8000000, 0x00000000c8000000)
  eden space 104960K,   0% used [0x00000000c0000000, 0x00000000c0000000, 0x00000000c6680000)
  from space 13056K,  36% used [0x00000000c6680000, 0x00000000c6b2c348, 0x00000000c7340000)
  to   space 13056K,   0% used [0x00000000c7340000, 0x00000000c7340000, 0x00000000c8000000)
 concurrent mark-sweep generation total 917504K, used 851561K [0x00000000c8000000, 0x0000000100000000, 0x0000000100000000)
 Metaspace       used 85789K, capacity 86251K, committed 87168K, reserved 1124352K
  class space    used 11412K, capacity 11531K, committed 11648K, reserved 1048576K
}
Event: 648.644 GC heap before
{Heap before GC invocations=347 (full 42):
 par new generation   total 118016K, used 109744K [0x00000000c0000000, 0x00000000c8000000, 0x00000000c8000000)
  eden space 104960K, 100% used [0x00000000c0000000, 0x00000000c6680000, 0x00000000c6680000)
  from space 13056K,  36% used [0x00000000c6680000, 0x00000000c6b2c348, 0x00000000c7340000)
  to   space 13056K,   0% used [0x00000000c7340000, 0x00000000c7340000, 0x00000000c8000000)
 concurrent mark-sweep generation total 917504K, used 851561K [0x00000000c8000000, 0x0000000100000000, 0x0000000100000000)
 Metaspace       used 85789K, capacity 86251K, committed 87168K, reserved 1124352K
  class space    used 11412K, capacity 11531K, committed 11648K, reserved 1048576K
Event: 648.647 GC heap after
Heap after GC invocations=348 (full 42):
 par new generation   total 118016K, used 5910K [0x00000000c0000000, 0x00000000c8000000, 0x00000000c8000000)
  eden space 104960K,   0% used [0x00000000c0000000, 0x00000000c0000000, 0x00000000c6680000)
  from space 13056K,  45% used [0x00000000c7340000, 0x00000000c7905820, 0x00000000c8000000)
  to   space 13056K,   0% used [0x00000000c6680000, 0x00000000c6680000, 0x00000000c7340000)
 concurrent mark-sweep generation total 917504K, used 852651K [0x00000000c8000000, 0x0000000100000000, 0x0000000100000000)
 Metaspace       used 85789K, capacity 86251K, committed 87168K, reserved 1124352K
  class space    used 11412K, capacity 11531K, committed 11648K, reserved 1048576K
}
Event: 654.935 GC heap before
{Heap before GC invocations=348 (full 42):
 par new generation   total 118016K, used 110870K [0x00000000c0000000, 0x00000000c8000000, 0x00000000c8000000)
  eden space 104960K, 100% used [0x00000000c0000000, 0x00000000c6680000, 0x00000000c6680000)
  from space 13056K,  45% used [0x00000000c7340000, 0x00000000c7905820, 0x00000000c8000000)
  to   space 13056K,   0% used [0x00000000c6680000, 0x00000000c6680000, 0x00000000c7340000)
 concurrent mark-sweep generation total 917504K, used 852651K [0x00000000c8000000, 0x0000000100000000, 0x0000000100000000)
 Metaspace       used 85790K, capacity 86251K, committed 87168K, reserved 1124352K
  class space    used 11412K, capacity 11531K, committed 11648K, reserved 1048576K
Event: 654.937 GC heap after
Heap after GC invocations=349 (full 42):
 par new generation   total 118016K, used 4756K [0x00000000c0000000, 0x00000000c8000000, 0x00000000c8000000)
  eden space 104960K,   0% used [0x00000000c0000000, 0x00000000c0000000, 0x00000000c6680000)
  from space 13056K,  36% used [0x00000000c6680000, 0x00000000c6b253b0, 0x00000000c7340000)
  to   space 13056K,   0% used [0x00000000c7340000, 0x00000000c7340000, 0x00000000c8000000)
 concurrent mark-sweep generation total 917504K, used 853066K [0x00000000c8000000, 0x0000000100000000, 0x0000000100000000)
 Metaspace       used 85790K, capacity 86251K, committed 87168K, reserved 1124352K
  class space    used 11412K, capacity 11531K, committed 11648K, reserved 1048576K
}
Event: 656.296 GC heap before
{Heap before GC invocations=349 (full 42):
 par new generation   total 118016K, used 35537K [0x00000000c0000000, 0x00000000c8000000, 0x00000000c8000000)
  eden space 104960K,  29% used [0x00000000c0000000, 0x00000000c1e0f248, 0x00000000c6680000)
  from space 13056K,  36% used [0x00000000c6680000, 0x00000000c6b253b0, 0x00000000c7340000)
  to   space 13056K,   0% used [0x00000000c7340000, 0x00000000c7340000, 0x00000000c8000000)
 concurrent mark-sweep generation total 917504K, used 853066K [0x00000000c8000000, 0x0000000100000000, 0x0000000100000000)
 Metaspace       used 85799K, capacity 86251K, committed 87168K, reserved 1124352K
  class space    used 11412K, capacity 11531K, committed 11648K, reserved 1048576K
Event: 657.217 GC heap after
Heap after GC invocations=350 (full 43):
 par new generation   total 118016K, used 0K [0x00000000c0000000, 0x00000000c8000000, 0x00000000c8000000)
  eden space 104960K,   0% used [0x00000000c0000000, 0x00000000c0000000, 0x00000000c6680000)
  from space 13056K,   0% used [0x00000000c6680000, 0x00000000c6680000, 0x00000000c7340000)
  to   space 13056K,   0% used [0x00000000c7340000, 0x00000000c7340000, 0x00000000c8000000)
 concurrent mark-sweep generation total 917504K, used 815498K [0x00000000c8000000, 0x0000000100000000, 0x0000000100000000)
 Metaspace       used 85780K, capacity 86221K, committed 87168K, reserved 1124352K
  class space    used 11409K, capacity 11526K, committed 11648K, reserved 1048576K
}
Event: 698.489 GC heap before
{Heap before GC invocations=350 (full 44):
 par new generation   total 118016K, used 104960K [0x00000000c0000000, 0x00000000c8000000, 0x00000000c8000000)
  eden space 104960K, 100% used [0x00000000c0000000, 0x00000000c6680000, 0x00000000c6680000)
  from space 13056K,   0% used [0x00000000c6680000, 0x00000000c6680000, 0x00000000c7340000)
  to   space 13056K,   0% used [0x00000000c7340000, 0x00000000c7340000, 0x00000000c8000000)
 concurrent mark-sweep generation total 917504K, used 815498K [0x00000000c8000000, 0x0000000100000000, 0x0000000100000000)
 Metaspace       used 85816K, capacity 86285K, committed 87424K, reserved 1124352K
  class space    used 11410K, capacity 11526K, committed 11648K, reserved 1048576K
Event: 698.491 GC heap after
Heap after GC invocations=351 (full 44):
 par new generation   total 118016K, used 2470K [0x00000000c0000000, 0x00000000c8000000, 0x00000000c8000000)
  eden space 104960K,   0% used [0x00000000c0000000, 0x00000000c0000000, 0x00000000c6680000)
  from space 13056K,  18% used [0x00000000c7340000, 0x00000000c75a9978, 0x00000000c8000000)
  to   space 13056K,   0% used [0x00000000c6680000, 0x00000000c6680000, 0x00000000c7340000)
 concurrent mark-sweep generation total 917504K, used 815498K [0x00000000c8000000, 0x0000000100000000, 0x0000000100000000)
 Metaspace       used 85816K, capacity 86285K, committed 87424K, reserved 1124352K
  class space    used 11410K, capacity 11526K, committed 11648K, reserved 1048576K
}

